<?xml version='1.0' encoding='UTF-8' standalone='no'?>
<doxygen xmlns:xsi="http://www.w3.org/2001/XMLSchema-instance" xsi:noNamespaceSchemaLocation="compound.xsd" version="1.8.18">
  <compounddef id="test-library_8c" kind="file" language="C++">
    <compoundname>test-library.c</compoundname>
    <includes local="no">stdio.h</includes>
    <includes refid="lib_8h" local="yes">lib.h</includes>
    <incdepgraph>
      <node id="1">
        <label>/home/bscuser/Documents/breathe/test/test-library.c</label>
        <link refid="test-library_8c"/>
        <childnode refid="2" relation="include">
        </childnode>
        <childnode refid="3" relation="include">
        </childnode>
      </node>
      <node id="3">
        <label>lib.h</label>
        <link refid="lib_8h"/>
      </node>
      <node id="2">
        <label>stdio.h</label>
      </node>
    </incdepgraph>
      <sectiondef kind="define">
      <memberdef kind="define" id="test-library_8c_1a14bc2dfa42241600d567369cd25ddc70" prot="public" static="no">
        <name>S_OK</name>
        <initializer>(0)</initializer>
        <briefdescription>
        </briefdescription>
        <detaileddescription>
        </detaileddescription>
        <inbodydescription>
        </inbodydescription>
        <location file="/home/bscuser/Documents/breathe/test/test-library.c" line="40" column="9" bodyfile="/home/bscuser/Documents/breathe/test/test-library.c" bodystart="40" bodyend="-1"/>
      </memberdef>
      <memberdef kind="define" id="test-library_8c_1a8f0547e641e1efc8110437fa85aa722e" prot="public" static="no">
        <name>E_FAIL</name>
        <initializer>(-1)</initializer>
        <briefdescription>
        </briefdescription>
        <detaileddescription>
        </detaileddescription>
        <inbodydescription>
        </inbodydescription>
        <location file="/home/bscuser/Documents/breathe/test/test-library.c" line="41" column="9" bodyfile="/home/bscuser/Documents/breathe/test/test-library.c" bodystart="41" bodyend="-1"/>
      </memberdef>
      </sectiondef>
      <sectiondef kind="func">
      <memberdef kind="function" id="test-library_8c_1ab34f5acce3e7b460f70b313116f954b9" prot="public" static="no" const="no" explicit="no" inline="no" virt="non-virtual">
        <type>int</type>
        <definition>int test_and</definition>
        <argsstring>()</argsstring>
        <name>test_and</name>
        <briefdescription>
        </briefdescription>
        <detaileddescription>
        </detaileddescription>
        <inbodydescription>
        </inbodydescription>
        <location file="/home/bscuser/Documents/breathe/test/test-library.c" line="51" column="5" bodyfile="/home/bscuser/Documents/breathe/test/test-library.c" bodystart="51" bodyend="64"/>
      </memberdef>
      <memberdef kind="function" id="test-library_8c_1a2ca36c95784590c00ec714ecb5432ff1" prot="public" static="no" const="no" explicit="no" inline="no" virt="non-virtual">
        <type>int</type>
        <definition>int test_or</definition>
        <argsstring>()</argsstring>
        <name>test_or</name>
        <briefdescription>
        </briefdescription>
        <detaileddescription>
        </detaileddescription>
        <inbodydescription>
        </inbodydescription>
        <location file="/home/bscuser/Documents/breathe/test/test-library.c" line="67" column="5" bodyfile="/home/bscuser/Documents/breathe/test/test-library.c" bodystart="67" bodyend="72"/>
      </memberdef>
      <memberdef kind="function" id="test-library_8c_1a040d84b50a67841250721560a04e3af7" prot="public" static="no" const="no" explicit="no" inline="no" virt="non-virtual">
        <type>int</type>
        <definition>int test_xor</definition>
        <argsstring>()</argsstring>
        <name>test_xor</name>
        <briefdescription>
        </briefdescription>
        <detaileddescription>
        </detaileddescription>
        <inbodydescription>
        </inbodydescription>
        <location file="/home/bscuser/Documents/breathe/test/test-library.c" line="75" column="5" bodyfile="/home/bscuser/Documents/breathe/test/test-library.c" bodystart="75" bodyend="79"/>
      </memberdef>
      <memberdef kind="function" id="test-library_8c_1ad0ff66cd4c09c92ac41cf3057b2c75bd" prot="public" static="no" const="no" explicit="no" inline="no" virt="non-virtual">
        <type>int</type>
        <definition>int test_xnor</definition>
        <argsstring>()</argsstring>
        <name>test_xnor</name>
        <briefdescription>
        </briefdescription>
        <detaileddescription>
        </detaileddescription>
        <inbodydescription>
        </inbodydescription>
        <location file="/home/bscuser/Documents/breathe/test/test-library.c" line="83" column="5" bodyfile="/home/bscuser/Documents/breathe/test/test-library.c" bodystart="83" bodyend="87"/>
      </memberdef>
      <memberdef kind="function" id="test-library_8c_1a24a0e8830330353de14efea8f581d572" prot="public" static="no" const="no" explicit="no" inline="no" virt="non-virtual">
        <type>int</type>
        <definition>int test_add</definition>
        <argsstring>()</argsstring>
        <name>test_add</name>
        <briefdescription>
        </briefdescription>
        <detaileddescription>
        </detaileddescription>
        <inbodydescription>
        </inbodydescription>
        <location file="/home/bscuser/Documents/breathe/test/test-library.c" line="90" column="5" bodyfile="/home/bscuser/Documents/breathe/test/test-library.c" bodystart="90" bodyend="94"/>
      </memberdef>
      <memberdef kind="function" id="test-library_8c_1abfb263b4e91e391118eb02a1f26cd216" prot="public" static="no" const="no" explicit="no" inline="no" virt="non-virtual">
        <type>int</type>
        <definition>int test_sub</definition>
        <argsstring>()</argsstring>
        <name>test_sub</name>
        <briefdescription>
        </briefdescription>
        <detaileddescription>
        </detaileddescription>
        <inbodydescription>
        </inbodydescription>
        <location file="/home/bscuser/Documents/breathe/test/test-library.c" line="98" column="5" bodyfile="/home/bscuser/Documents/breathe/test/test-library.c" bodystart="98" bodyend="102"/>
      </memberdef>
      <memberdef kind="function" id="test-library_8c_1af4730e4e4b7e971bca50687066afd703" prot="public" static="no" const="no" explicit="no" inline="no" virt="non-virtual">
        <type>int</type>
        <definition>int test_mul</definition>
        <argsstring>()</argsstring>
        <name>test_mul</name>
        <briefdescription>
        </briefdescription>
        <detaileddescription>
        </detaileddescription>
        <inbodydescription>
        </inbodydescription>
        <location file="/home/bscuser/Documents/breathe/test/test-library.c" line="106" column="5" bodyfile="/home/bscuser/Documents/breathe/test/test-library.c" bodystart="106" bodyend="110"/>
      </memberdef>
      <memberdef kind="function" id="test-library_8c_1a784168d827602c20ed0771eb237ce1f1" prot="public" static="no" const="no" explicit="no" inline="no" virt="non-virtual">
        <type>int</type>
        <definition>int run_tests</definition>
        <argsstring>()</argsstring>
        <name>run_tests</name>
        <briefdescription>
        </briefdescription>
        <detaileddescription>
        </detaileddescription>
        <inbodydescription>
        </inbodydescription>
        <location file="/home/bscuser/Documents/breathe/test/test-library.c" line="117" column="5" bodyfile="/home/bscuser/Documents/breathe/test/test-library.c" bodystart="117" bodyend="155"/>
      </memberdef>
      <memberdef kind="function" id="test-library_8c_1ae66f6b31b5ad750f1fe042a706a4e3d4" prot="public" static="no" const="no" explicit="no" inline="no" virt="non-virtual">
        <type>int</type>
        <definition>int main</definition>
        <argsstring>()</argsstring>
        <name>main</name>
        <briefdescription>
        </briefdescription>
        <detaileddescription>
        </detaileddescription>
        <inbodydescription>
        </inbodydescription>
        <location file="/home/bscuser/Documents/breathe/test/test-library.c" line="164" column="5" bodyfile="/home/bscuser/Documents/breathe/test/test-library.c" bodystart="164" bodyend="178"/>
      </memberdef>
      </sectiondef>
    <briefdescription>
    </briefdescription>
    <detaileddescription>
    </detaileddescription>
    <programlisting>
<codeline lineno="1"><highlight class="comment">/*</highlight></codeline>
<codeline lineno="2"><highlight class="comment"></highlight></codeline>
<codeline lineno="3"><highlight class="comment"><sp/><sp/>@main.c<sp/>-<sp/>simple<sp/>test<sp/>file<sp/>example<sp/>file<sp/>for<sp/>travis-ci<sp/>example<sp/>library</highlight></codeline>
<codeline lineno="4"><highlight class="comment"></highlight></codeline>
<codeline lineno="5"><highlight class="comment"><sp/><sp/>@copy<sp/>Copyright<sp/>(C)<sp/>&lt;2012&gt;<sp/><sp/>&lt;M.<sp/>A.<sp/>Chatterjee&gt;</highlight></codeline>
<codeline lineno="6"><highlight class="comment"><sp/><sp/>@author<sp/>M<sp/>A<sp/>Chatterjee<sp/>&lt;deftio<sp/>[at]<sp/>deftio<sp/>[dot]<sp/>com&gt;</highlight></codeline>
<codeline lineno="7"><highlight class="comment"><sp/></highlight></codeline>
<codeline lineno="8"><highlight class="comment"><sp/><sp/>This<sp/>file<sp/>contains<sp/>header<sp/>defintions<sp/>for<sp/>travis-ci<sp/>code<sp/>testing<sp/>example.</highlight></codeline>
<codeline lineno="9"><highlight class="comment"></highlight></codeline>
<codeline lineno="10"><highlight class="comment"><sp/><sp/>@license:<sp/></highlight></codeline>
<codeline lineno="11"><highlight class="comment"><sp/><sp/><sp/><sp/>Copyright<sp/>(c)<sp/>2011-2016,<sp/>M.<sp/>A.<sp/>Chatterjee<sp/>&lt;deftio<sp/>at<sp/>deftio<sp/>dot<sp/>com&gt;</highlight></codeline>
<codeline lineno="12"><highlight class="comment"><sp/><sp/><sp/><sp/>All<sp/>rights<sp/>reserved.</highlight></codeline>
<codeline lineno="13"><highlight class="comment"></highlight></codeline>
<codeline lineno="14"><highlight class="comment"><sp/><sp/><sp/><sp/>Redistribution<sp/>and<sp/>use<sp/>in<sp/>source<sp/>and<sp/>binary<sp/>forms,<sp/>with<sp/>or<sp/>without</highlight></codeline>
<codeline lineno="15"><highlight class="comment"><sp/><sp/><sp/><sp/>modification,<sp/>are<sp/>permitted<sp/>provided<sp/>that<sp/>the<sp/>following<sp/>conditions<sp/>are<sp/>met:</highlight></codeline>
<codeline lineno="16"><highlight class="comment"></highlight></codeline>
<codeline lineno="17"><highlight class="comment"><sp/><sp/><sp/><sp/>*<sp/>Redistributions<sp/>of<sp/>source<sp/>code<sp/>must<sp/>retain<sp/>the<sp/>above<sp/>copyright<sp/>notice,<sp/>this</highlight></codeline>
<codeline lineno="18"><highlight class="comment"><sp/><sp/><sp/><sp/><sp/><sp/>list<sp/>of<sp/>conditions<sp/>and<sp/>the<sp/>following<sp/>disclaimer.</highlight></codeline>
<codeline lineno="19"><highlight class="comment"></highlight></codeline>
<codeline lineno="20"><highlight class="comment"><sp/><sp/><sp/><sp/>*<sp/>Redistributions<sp/>in<sp/>binary<sp/>form<sp/>must<sp/>reproduce<sp/>the<sp/>above<sp/>copyright<sp/>notice,</highlight></codeline>
<codeline lineno="21"><highlight class="comment"><sp/><sp/><sp/><sp/><sp/><sp/>this<sp/>list<sp/>of<sp/>conditions<sp/>and<sp/>the<sp/>following<sp/>disclaimer<sp/>in<sp/>the<sp/>documentation</highlight></codeline>
<codeline lineno="22"><highlight class="comment"><sp/><sp/><sp/><sp/><sp/><sp/>and/or<sp/>other<sp/>materials<sp/>provided<sp/>with<sp/>the<sp/>distribution.</highlight></codeline>
<codeline lineno="23"><highlight class="comment"></highlight></codeline>
<codeline lineno="24"><highlight class="comment"><sp/><sp/><sp/><sp/>THIS<sp/>SOFTWARE<sp/>IS<sp/>PROVIDED<sp/>BY<sp/>THE<sp/>COPYRIGHT<sp/>HOLDERS<sp/>AND<sp/>CONTRIBUTORS<sp/>&quot;AS<sp/>IS&quot;</highlight></codeline>
<codeline lineno="25"><highlight class="comment"><sp/><sp/><sp/><sp/>AND<sp/>ANY<sp/>EXPRESS<sp/>OR<sp/>IMPLIED<sp/>WARRANTIES,<sp/>INCLUDING,<sp/>BUT<sp/>NOT<sp/>LIMITED<sp/>TO,<sp/>THE</highlight></codeline>
<codeline lineno="26"><highlight class="comment"><sp/><sp/><sp/><sp/>IMPLIED<sp/>WARRANTIES<sp/>OF<sp/>MERCHANTABILITY<sp/>AND<sp/>FITNESS<sp/>FOR<sp/>A<sp/>PARTICULAR<sp/>PURPOSE<sp/>ARE</highlight></codeline>
<codeline lineno="27"><highlight class="comment"><sp/><sp/><sp/><sp/>DISCLAIMED.<sp/>IN<sp/>NO<sp/>EVENT<sp/>SHALL<sp/>THE<sp/>COPYRIGHT<sp/>HOLDER<sp/>OR<sp/>CONTRIBUTORS<sp/>BE<sp/>LIABLE</highlight></codeline>
<codeline lineno="28"><highlight class="comment"><sp/><sp/><sp/><sp/>FOR<sp/>ANY<sp/>DIRECT,<sp/>INDIRECT,<sp/>INCIDENTAL,<sp/>SPECIAL,<sp/>EXEMPLARY,<sp/>OR<sp/>CONSEQUENTIAL</highlight></codeline>
<codeline lineno="29"><highlight class="comment"><sp/><sp/><sp/><sp/>DAMAGES<sp/>(INCLUDING,<sp/>BUT<sp/>NOT<sp/>LIMITED<sp/>TO,<sp/>PROCUREMENT<sp/>OF<sp/>SUBSTITUTE<sp/>GOODS<sp/>OR</highlight></codeline>
<codeline lineno="30"><highlight class="comment"><sp/><sp/><sp/><sp/>SERVICES;<sp/>LOSS<sp/>OF<sp/>USE,<sp/>DATA,<sp/>OR<sp/>PROFITS;<sp/>OR<sp/>BUSINESS<sp/>INTERRUPTION)<sp/>HOWEVER</highlight></codeline>
<codeline lineno="31"><highlight class="comment"><sp/><sp/><sp/><sp/>CAUSED<sp/>AND<sp/>ON<sp/>ANY<sp/>THEORY<sp/>OF<sp/>LIABILITY,<sp/>WHETHER<sp/>IN<sp/>CONTRACT,<sp/>STRICT<sp/>LIABILITY,</highlight></codeline>
<codeline lineno="32"><highlight class="comment"><sp/><sp/><sp/><sp/>OR<sp/>TORT<sp/>(INCLUDING<sp/>NEGLIGENCE<sp/>OR<sp/>OTHERWISE)<sp/>ARISING<sp/>IN<sp/>ANY<sp/>WAY<sp/>OUT<sp/>OF<sp/>THE<sp/>USE</highlight></codeline>
<codeline lineno="33"><highlight class="comment"><sp/><sp/><sp/><sp/>OF<sp/>THIS<sp/>SOFTWARE,<sp/>EVEN<sp/>IF<sp/>ADVISED<sp/>OF<sp/>THE<sp/>POSSIBILITY<sp/>OF<sp/>SUCH<sp/>DAMAGE.</highlight></codeline>
<codeline lineno="34"><highlight class="comment"></highlight></codeline>
<codeline lineno="35"><highlight class="comment"><sp/>*/</highlight><highlight class="normal"></highlight></codeline>
<codeline lineno="36"><highlight class="normal"></highlight></codeline>
<codeline lineno="37"><highlight class="normal"></highlight><highlight class="preprocessor">#include<sp/>&lt;stdio.h&gt;</highlight><highlight class="normal"></highlight></codeline>
<codeline lineno="38"><highlight class="normal"></highlight><highlight class="preprocessor">#include<sp/>&quot;<ref refid="lib_8h" kindref="compound">lib.h</ref>&quot;</highlight><highlight class="normal"></highlight></codeline>
<codeline lineno="39"><highlight class="normal"></highlight></codeline>
<codeline lineno="40"><highlight class="normal"></highlight><highlight class="preprocessor">#define<sp/>S_OK<sp/>(0)</highlight><highlight class="normal"></highlight></codeline>
<codeline lineno="41"><highlight class="normal"></highlight><highlight class="preprocessor">#define<sp/>E_FAIL<sp/>(-1)</highlight><highlight class="normal"></highlight></codeline>
<codeline lineno="42"><highlight class="normal"></highlight></codeline>
<codeline lineno="43"><highlight class="normal"></highlight></codeline>
<codeline lineno="44"><highlight class="normal"></highlight><highlight class="comment">/*<sp/>************************************************</highlight></codeline>
<codeline lineno="45"><highlight class="comment"><sp/><sp/><sp/><sp/>simple<sp/>test<sp/>cases<sp/>for<sp/>the<sp/>library<sp/>functions<sp/></highlight></codeline>
<codeline lineno="46"><highlight class="comment"><sp/><sp/><sp/>************************************************</highlight></codeline>
<codeline lineno="47"><highlight class="comment">*/</highlight><highlight class="normal"></highlight></codeline>
<codeline lineno="48"><highlight class="normal"></highlight></codeline>
<codeline lineno="49"><highlight class="normal"></highlight></codeline>
<codeline lineno="50"><highlight class="normal"></highlight><highlight class="comment">/*<sp/><sp/><sp/>test<sp/>cases<sp/>for<sp/>op_and()<sp/>function<sp/><sp/>*/</highlight><highlight class="normal"></highlight></codeline>
<codeline lineno="51"><highlight class="normal"></highlight><highlight class="keywordtype">int</highlight><highlight class="normal"><sp/><ref refid="test-library_8c_1ab34f5acce3e7b460f70b313116f954b9" kindref="member">test_and</ref>()<sp/>{</highlight></codeline>
<codeline lineno="52"><highlight class="normal"><sp/><sp/><sp/><sp/></highlight></codeline>
<codeline lineno="53"><highlight class="normal"><sp/><sp/><sp/><sp/></highlight><highlight class="keywordflow">if</highlight><highlight class="normal"><sp/>(<ref refid="lib_8c_1a42560cd874ed120a4c3c55e007a02a4f" kindref="member">op_and</ref>(3,4)<sp/>!=<sp/>(3&amp;4))</highlight></codeline>
<codeline lineno="54"><highlight class="normal"><sp/><sp/><sp/><sp/><sp/><sp/><sp/><sp/></highlight><highlight class="keywordflow">return</highlight><highlight class="normal"><sp/><ref refid="test-library_8c_1a8f0547e641e1efc8110437fa85aa722e" kindref="member">E_FAIL</ref>;</highlight></codeline>
<codeline lineno="55"><highlight class="normal"></highlight></codeline>
<codeline lineno="56"><highlight class="normal"><sp/><sp/><sp/><sp/></highlight><highlight class="keywordflow">if</highlight><highlight class="normal"><sp/>(<ref refid="lib_8c_1a42560cd874ed120a4c3c55e007a02a4f" kindref="member">op_and</ref>(2,7)<sp/>!=<sp/>(2&amp;7))</highlight></codeline>
<codeline lineno="57"><highlight class="normal"><sp/><sp/><sp/><sp/><sp/><sp/><sp/><sp/></highlight><highlight class="keywordflow">return</highlight><highlight class="normal"><sp/><ref refid="test-library_8c_1a8f0547e641e1efc8110437fa85aa722e" kindref="member">E_FAIL</ref>;</highlight></codeline>
<codeline lineno="58"><highlight class="normal"></highlight></codeline>
<codeline lineno="59"><highlight class="normal"><sp/><sp/><sp/><sp/></highlight><highlight class="comment">//<sp/>un<sp/>comment<sp/>me<sp/>to<sp/>make<sp/>this<sp/>fail!</highlight><highlight class="normal"></highlight></codeline>
<codeline lineno="60"><highlight class="normal"><sp/><sp/><sp/><sp/></highlight><highlight class="comment">//if<sp/>((f_ib_and(2,7)<sp/>==<sp/>(2&amp;7))</highlight><highlight class="normal"></highlight></codeline>
<codeline lineno="61"><highlight class="normal"><sp/><sp/><sp/><sp/></highlight><highlight class="comment">//<sp/><sp/>return<sp/>E_FAIL;)</highlight><highlight class="normal"></highlight></codeline>
<codeline lineno="62"><highlight class="normal"></highlight></codeline>
<codeline lineno="63"><highlight class="normal"><sp/><sp/><sp/><sp/></highlight><highlight class="keywordflow">return</highlight><highlight class="normal"><sp/><ref refid="test-library_8c_1a14bc2dfa42241600d567369cd25ddc70" kindref="member">S_OK</ref>;</highlight></codeline>
<codeline lineno="64"><highlight class="normal">}</highlight></codeline>
<codeline lineno="65"><highlight class="normal"></highlight></codeline>
<codeline lineno="66"><highlight class="normal"></highlight><highlight class="comment">/*<sp/><sp/><sp/>test<sp/>cases<sp/>for<sp/>op_or()<sp/>function<sp/><sp/>*/</highlight><highlight class="normal"></highlight></codeline>
<codeline lineno="67"><highlight class="normal"></highlight><highlight class="keywordtype">int</highlight><highlight class="normal"><sp/><ref refid="test-library_8c_1a2ca36c95784590c00ec714ecb5432ff1" kindref="member">test_or</ref>()<sp/>{</highlight></codeline>
<codeline lineno="68"><highlight class="normal"><sp/><sp/><sp/><sp/></highlight><highlight class="keywordflow">if</highlight><highlight class="normal"><sp/>(<ref refid="lib_8c_1afd23e01f5f060003f00cce70f242573e" kindref="member">op_or</ref>(3,4)<sp/>!=<sp/>(3|4))<sp/></highlight></codeline>
<codeline lineno="69"><highlight class="normal"><sp/><sp/><sp/><sp/><sp/><sp/><sp/><sp/></highlight><highlight class="keywordflow">return</highlight><highlight class="normal"><sp/><ref refid="test-library_8c_1a8f0547e641e1efc8110437fa85aa722e" kindref="member">E_FAIL</ref>;</highlight></codeline>
<codeline lineno="70"><highlight class="normal"><sp/><sp/><sp/><sp/></highlight></codeline>
<codeline lineno="71"><highlight class="normal"><sp/><sp/><sp/><sp/></highlight><highlight class="keywordflow">return</highlight><highlight class="normal"><sp/><ref refid="test-library_8c_1a14bc2dfa42241600d567369cd25ddc70" kindref="member">S_OK</ref>;</highlight></codeline>
<codeline lineno="72"><highlight class="normal">}</highlight></codeline>
<codeline lineno="73"><highlight class="normal"></highlight></codeline>
<codeline lineno="74"><highlight class="normal"></highlight><highlight class="comment">/*<sp/><sp/><sp/>test<sp/>cases<sp/>for<sp/>op_xor()<sp/>function<sp/><sp/>*/</highlight><highlight class="normal"></highlight></codeline>
<codeline lineno="75"><highlight class="normal"></highlight><highlight class="keywordtype">int</highlight><highlight class="normal"><sp/><ref refid="test-library_8c_1a040d84b50a67841250721560a04e3af7" kindref="member">test_xor</ref>()<sp/>{</highlight></codeline>
<codeline lineno="76"><highlight class="normal"><sp/><sp/><sp/><sp/></highlight><highlight class="keywordflow">if</highlight><highlight class="normal"><sp/>(<ref refid="lib_8c_1ad51dda6ee99a38386c1d193b822f9ab7" kindref="member">op_xor</ref>(3,4)<sp/>!=<sp/>((3^4)))<sp/></highlight></codeline>
<codeline lineno="77"><highlight class="normal"><sp/><sp/><sp/><sp/><sp/><sp/><sp/><sp/></highlight><highlight class="keywordflow">return</highlight><highlight class="normal"><sp/><ref refid="test-library_8c_1a8f0547e641e1efc8110437fa85aa722e" kindref="member">E_FAIL</ref>;</highlight></codeline>
<codeline lineno="78"><highlight class="normal"><sp/><sp/><sp/><sp/></highlight><highlight class="keywordflow">return</highlight><highlight class="normal"><sp/><ref refid="test-library_8c_1a14bc2dfa42241600d567369cd25ddc70" kindref="member">S_OK</ref>;</highlight></codeline>
<codeline lineno="79"><highlight class="normal">}</highlight></codeline>
<codeline lineno="80"><highlight class="normal"></highlight></codeline>
<codeline lineno="81"><highlight class="normal"></highlight></codeline>
<codeline lineno="82"><highlight class="normal"></highlight><highlight class="comment">/*<sp/><sp/><sp/>test<sp/>cases<sp/>for<sp/>op_xnor()<sp/>function<sp/><sp/>*/</highlight><highlight class="normal"></highlight></codeline>
<codeline lineno="83"><highlight class="normal"></highlight><highlight class="keywordtype">int</highlight><highlight class="normal"><sp/><ref refid="test-library_8c_1ad0ff66cd4c09c92ac41cf3057b2c75bd" kindref="member">test_xnor</ref>()<sp/>{</highlight></codeline>
<codeline lineno="84"><highlight class="normal"><sp/><sp/><sp/><sp/></highlight><highlight class="keywordflow">if</highlight><highlight class="normal"><sp/>(<ref refid="lib_8c_1a6c84955443c1c0de671698dfe0a1304f" kindref="member">op_xnor</ref>(3,4)<sp/>!=<sp/>(~(3^4)))<sp/></highlight></codeline>
<codeline lineno="85"><highlight class="normal"><sp/><sp/><sp/><sp/><sp/><sp/><sp/><sp/></highlight><highlight class="keywordflow">return</highlight><highlight class="normal"><sp/><ref refid="test-library_8c_1a8f0547e641e1efc8110437fa85aa722e" kindref="member">E_FAIL</ref>;</highlight></codeline>
<codeline lineno="86"><highlight class="normal"><sp/><sp/><sp/><sp/></highlight><highlight class="keywordflow">return</highlight><highlight class="normal"><sp/><ref refid="test-library_8c_1a14bc2dfa42241600d567369cd25ddc70" kindref="member">S_OK</ref>;</highlight></codeline>
<codeline lineno="87"><highlight class="normal">}</highlight></codeline>
<codeline lineno="88"><highlight class="normal"></highlight></codeline>
<codeline lineno="89"><highlight class="normal"></highlight><highlight class="comment">/*<sp/><sp/><sp/>test<sp/>cases<sp/>for<sp/>op_add()<sp/>function<sp/><sp/>*/</highlight><highlight class="normal"></highlight></codeline>
<codeline lineno="90"><highlight class="normal"></highlight><highlight class="keywordtype">int</highlight><highlight class="normal"><sp/><ref refid="test-library_8c_1a24a0e8830330353de14efea8f581d572" kindref="member">test_add</ref>()<sp/>{</highlight></codeline>
<codeline lineno="91"><highlight class="normal"><sp/><sp/><sp/><sp/></highlight><highlight class="keywordflow">if</highlight><highlight class="normal"><sp/>(<ref refid="lib_8c_1ac88b52dd457ba319ed69925ab1ee0b1e" kindref="member">op_add</ref>(3,4)<sp/>!=<sp/>(3+4))<sp/></highlight></codeline>
<codeline lineno="92"><highlight class="normal"><sp/><sp/><sp/><sp/><sp/><sp/><sp/><sp/></highlight><highlight class="keywordflow">return</highlight><highlight class="normal"><sp/><ref refid="test-library_8c_1a8f0547e641e1efc8110437fa85aa722e" kindref="member">E_FAIL</ref>;</highlight></codeline>
<codeline lineno="93"><highlight class="normal"><sp/><sp/><sp/><sp/></highlight><highlight class="keywordflow">return</highlight><highlight class="normal"><sp/><ref refid="test-library_8c_1a14bc2dfa42241600d567369cd25ddc70" kindref="member">S_OK</ref>;</highlight></codeline>
<codeline lineno="94"><highlight class="normal">}</highlight></codeline>
<codeline lineno="95"><highlight class="normal"></highlight></codeline>
<codeline lineno="96"><highlight class="normal"></highlight></codeline>
<codeline lineno="97"><highlight class="normal"></highlight><highlight class="comment">/*<sp/><sp/><sp/>test<sp/>cases<sp/>for<sp/>op_sub()<sp/>function<sp/><sp/>*/</highlight><highlight class="normal"></highlight></codeline>
<codeline lineno="98"><highlight class="normal"></highlight><highlight class="keywordtype">int</highlight><highlight class="normal"><sp/><ref refid="test-library_8c_1abfb263b4e91e391118eb02a1f26cd216" kindref="member">test_sub</ref>()<sp/>{</highlight></codeline>
<codeline lineno="99"><highlight class="normal"><sp/><sp/><sp/><sp/></highlight><highlight class="keywordflow">if</highlight><highlight class="normal"><sp/>(<ref refid="lib_8c_1ad90c47d09785df494854bb12fece0202" kindref="member">op_sub</ref>(3,4)<sp/>!=<sp/>(3-4))<sp/></highlight></codeline>
<codeline lineno="100"><highlight class="normal"><sp/><sp/><sp/><sp/><sp/><sp/><sp/><sp/></highlight><highlight class="keywordflow">return</highlight><highlight class="normal"><sp/><ref refid="test-library_8c_1a8f0547e641e1efc8110437fa85aa722e" kindref="member">E_FAIL</ref>;</highlight></codeline>
<codeline lineno="101"><highlight class="normal"><sp/><sp/><sp/><sp/></highlight><highlight class="keywordflow">return</highlight><highlight class="normal"><sp/><ref refid="test-library_8c_1a14bc2dfa42241600d567369cd25ddc70" kindref="member">S_OK</ref>;</highlight></codeline>
<codeline lineno="102"><highlight class="normal">}</highlight></codeline>
<codeline lineno="103"><highlight class="normal"></highlight></codeline>
<codeline lineno="104"><highlight class="normal"></highlight></codeline>
<codeline lineno="105"><highlight class="normal"></highlight><highlight class="comment">/*<sp/><sp/><sp/>test<sp/>cases<sp/>for<sp/>op_mul()<sp/>function<sp/><sp/>*/</highlight><highlight class="normal"></highlight></codeline>
<codeline lineno="106"><highlight class="normal"></highlight><highlight class="keywordtype">int</highlight><highlight class="normal"><sp/><ref refid="test-library_8c_1af4730e4e4b7e971bca50687066afd703" kindref="member">test_mul</ref>()<sp/>{</highlight></codeline>
<codeline lineno="107"><highlight class="normal"><sp/><sp/><sp/><sp/></highlight><highlight class="keywordflow">if</highlight><highlight class="normal"><sp/>(<ref refid="lib_8c_1a7ace187bfb5f3a34e8544d7aeab2327e" kindref="member">op_mul</ref>(3,4)<sp/>!=<sp/>(3*4))<sp/></highlight></codeline>
<codeline lineno="108"><highlight class="normal"><sp/><sp/><sp/><sp/><sp/><sp/><sp/><sp/></highlight><highlight class="keywordflow">return</highlight><highlight class="normal"><sp/><ref refid="test-library_8c_1a8f0547e641e1efc8110437fa85aa722e" kindref="member">E_FAIL</ref>;</highlight></codeline>
<codeline lineno="109"><highlight class="normal"><sp/><sp/><sp/><sp/></highlight><highlight class="keywordflow">return</highlight><highlight class="normal"><sp/><ref refid="test-library_8c_1a14bc2dfa42241600d567369cd25ddc70" kindref="member">S_OK</ref>;</highlight></codeline>
<codeline lineno="110"><highlight class="normal">}</highlight></codeline>
<codeline lineno="111"><highlight class="normal"></highlight></codeline>
<codeline lineno="112"><highlight class="normal"></highlight><highlight class="comment">/*<sp/><sp/>************************************************</highlight></codeline>
<codeline lineno="113"><highlight class="comment"><sp/><sp/><sp/><sp/>this<sp/>is<sp/>a<sp/>simple<sp/>test<sp/>suite.<sp/><sp/></highlight></codeline>
<codeline lineno="114"><highlight class="comment"><sp/><sp/><sp/><sp/>normally<sp/>you<sp/>would<sp/>run<sp/>cppUnit<sp/>or<sp/>some<sp/>other<sp/></highlight></codeline>
<codeline lineno="115"><highlight class="comment"><sp/><sp/><sp/><sp/>more<sp/>general<sp/>purpose<sp/>test<sp/>framework.</highlight></codeline>
<codeline lineno="116"><highlight class="comment">*/</highlight><highlight class="normal"></highlight></codeline>
<codeline lineno="117"><highlight class="normal"></highlight><highlight class="keywordtype">int</highlight><highlight class="normal"><sp/><ref refid="test-library_8c_1a784168d827602c20ed0771eb237ce1f1" kindref="member">run_tests</ref>()<sp/>{</highlight></codeline>
<codeline lineno="118"><highlight class="normal"><sp/><sp/><sp/><sp/></highlight><highlight class="keywordflow">if</highlight><highlight class="normal"><sp/>(<ref refid="test-library_8c_1a8f0547e641e1efc8110437fa85aa722e" kindref="member">E_FAIL</ref><sp/>==<sp/><ref refid="test-library_8c_1ab34f5acce3e7b460f70b313116f954b9" kindref="member">test_and</ref>())<sp/>{</highlight></codeline>
<codeline lineno="119"><highlight class="normal"><sp/><sp/><sp/><sp/><sp/><sp/><sp/><sp/>printf(</highlight><highlight class="stringliteral">&quot;failed<sp/>test_and()\n&quot;</highlight><highlight class="normal">);</highlight></codeline>
<codeline lineno="120"><highlight class="normal"><sp/><sp/><sp/><sp/><sp/><sp/><sp/><sp/></highlight><highlight class="keywordflow">return</highlight><highlight class="normal"><sp/><ref refid="test-library_8c_1a8f0547e641e1efc8110437fa85aa722e" kindref="member">E_FAIL</ref>;</highlight></codeline>
<codeline lineno="121"><highlight class="normal"><sp/><sp/><sp/><sp/>}</highlight></codeline>
<codeline lineno="122"><highlight class="normal"></highlight></codeline>
<codeline lineno="123"><highlight class="normal"><sp/><sp/><sp/><sp/></highlight><highlight class="keywordflow">if</highlight><highlight class="normal"><sp/>(<ref refid="test-library_8c_1a8f0547e641e1efc8110437fa85aa722e" kindref="member">E_FAIL</ref><sp/>==<sp/><ref refid="test-library_8c_1a2ca36c95784590c00ec714ecb5432ff1" kindref="member">test_or</ref>())<sp/>{</highlight></codeline>
<codeline lineno="124"><highlight class="normal"><sp/><sp/><sp/><sp/><sp/><sp/><sp/><sp/>printf(</highlight><highlight class="stringliteral">&quot;failed<sp/>test_or()\n&quot;</highlight><highlight class="normal">);</highlight></codeline>
<codeline lineno="125"><highlight class="normal"><sp/><sp/><sp/><sp/><sp/><sp/><sp/><sp/></highlight><highlight class="keywordflow">return</highlight><highlight class="normal"><sp/><ref refid="test-library_8c_1a8f0547e641e1efc8110437fa85aa722e" kindref="member">E_FAIL</ref>;</highlight></codeline>
<codeline lineno="126"><highlight class="normal"><sp/><sp/><sp/><sp/>}</highlight></codeline>
<codeline lineno="127"><highlight class="normal"><sp/><sp/><sp/><sp/></highlight></codeline>
<codeline lineno="128"><highlight class="normal"><sp/><sp/><sp/><sp/></highlight><highlight class="keywordflow">if</highlight><highlight class="normal"><sp/>(<ref refid="test-library_8c_1a8f0547e641e1efc8110437fa85aa722e" kindref="member">E_FAIL</ref><sp/>==<sp/><ref refid="test-library_8c_1a040d84b50a67841250721560a04e3af7" kindref="member">test_xor</ref>()){</highlight></codeline>
<codeline lineno="129"><highlight class="normal"><sp/><sp/><sp/><sp/><sp/><sp/><sp/><sp/>printf(</highlight><highlight class="stringliteral">&quot;failed<sp/>test_xor()\n&quot;</highlight><highlight class="normal">);</highlight></codeline>
<codeline lineno="130"><highlight class="normal"><sp/><sp/><sp/><sp/><sp/><sp/><sp/><sp/></highlight><highlight class="keywordflow">return</highlight><highlight class="normal"><sp/><ref refid="test-library_8c_1a8f0547e641e1efc8110437fa85aa722e" kindref="member">E_FAIL</ref>;</highlight></codeline>
<codeline lineno="131"><highlight class="normal"><sp/><sp/><sp/><sp/>}</highlight></codeline>
<codeline lineno="132"><highlight class="normal"></highlight></codeline>
<codeline lineno="133"><highlight class="normal"><sp/><sp/><sp/><sp/></highlight><highlight class="keywordflow">if</highlight><highlight class="normal"><sp/>(<ref refid="test-library_8c_1a8f0547e641e1efc8110437fa85aa722e" kindref="member">E_FAIL</ref><sp/>==<sp/><ref refid="test-library_8c_1ad0ff66cd4c09c92ac41cf3057b2c75bd" kindref="member">test_xnor</ref>()){</highlight></codeline>
<codeline lineno="134"><highlight class="normal"><sp/><sp/><sp/><sp/><sp/><sp/><sp/><sp/><sp/><sp/><sp/><sp/>printf(</highlight><highlight class="stringliteral">&quot;failed<sp/>test_xnor()\n&quot;</highlight><highlight class="normal">);</highlight></codeline>
<codeline lineno="135"><highlight class="normal"><sp/><sp/><sp/><sp/><sp/><sp/><sp/><sp/><sp/><sp/><sp/><sp/></highlight><highlight class="keywordflow">return</highlight><highlight class="normal"><sp/><ref refid="test-library_8c_1a8f0547e641e1efc8110437fa85aa722e" kindref="member">E_FAIL</ref>;</highlight></codeline>
<codeline lineno="136"><highlight class="normal"><sp/><sp/><sp/><sp/><sp/><sp/><sp/><sp/>}</highlight></codeline>
<codeline lineno="137"><highlight class="normal"></highlight></codeline>
<codeline lineno="138"><highlight class="normal"><sp/><sp/><sp/><sp/></highlight><highlight class="keywordflow">if</highlight><highlight class="normal"><sp/>(<ref refid="test-library_8c_1a8f0547e641e1efc8110437fa85aa722e" kindref="member">E_FAIL</ref><sp/>==<sp/><ref refid="test-library_8c_1a24a0e8830330353de14efea8f581d572" kindref="member">test_add</ref>()){</highlight></codeline>
<codeline lineno="139"><highlight class="normal"><sp/><sp/><sp/><sp/><sp/><sp/><sp/><sp/><sp/><sp/><sp/><sp/>printf(</highlight><highlight class="stringliteral">&quot;failed<sp/>test_add()\n&quot;</highlight><highlight class="normal">);</highlight></codeline>
<codeline lineno="140"><highlight class="normal"><sp/><sp/><sp/><sp/><sp/><sp/><sp/><sp/><sp/><sp/><sp/><sp/></highlight><highlight class="keywordflow">return</highlight><highlight class="normal"><sp/><ref refid="test-library_8c_1a8f0547e641e1efc8110437fa85aa722e" kindref="member">E_FAIL</ref>;</highlight></codeline>
<codeline lineno="141"><highlight class="normal"><sp/><sp/><sp/><sp/><sp/><sp/><sp/><sp/>}</highlight></codeline>
<codeline lineno="142"><highlight class="normal"></highlight></codeline>
<codeline lineno="143"><highlight class="normal"><sp/><sp/><sp/><sp/></highlight><highlight class="keywordflow">if</highlight><highlight class="normal"><sp/>(<ref refid="test-library_8c_1a8f0547e641e1efc8110437fa85aa722e" kindref="member">E_FAIL</ref><sp/>==<sp/><ref refid="test-library_8c_1abfb263b4e91e391118eb02a1f26cd216" kindref="member">test_sub</ref>()){</highlight></codeline>
<codeline lineno="144"><highlight class="normal"><sp/><sp/><sp/><sp/><sp/><sp/><sp/><sp/><sp/><sp/><sp/><sp/>printf(</highlight><highlight class="stringliteral">&quot;failed<sp/>test_sub()\n&quot;</highlight><highlight class="normal">);</highlight></codeline>
<codeline lineno="145"><highlight class="normal"><sp/><sp/><sp/><sp/><sp/><sp/><sp/><sp/><sp/><sp/><sp/><sp/></highlight><highlight class="keywordflow">return</highlight><highlight class="normal"><sp/><ref refid="test-library_8c_1a8f0547e641e1efc8110437fa85aa722e" kindref="member">E_FAIL</ref>;</highlight></codeline>
<codeline lineno="146"><highlight class="normal"><sp/><sp/><sp/><sp/><sp/><sp/><sp/><sp/>}</highlight></codeline>
<codeline lineno="147"><highlight class="normal"></highlight></codeline>
<codeline lineno="148"><highlight class="normal"></highlight></codeline>
<codeline lineno="149"><highlight class="normal"><sp/><sp/><sp/><sp/></highlight><highlight class="keywordflow">if</highlight><highlight class="normal"><sp/>(<ref refid="test-library_8c_1a8f0547e641e1efc8110437fa85aa722e" kindref="member">E_FAIL</ref><sp/>==<sp/><ref refid="test-library_8c_1af4730e4e4b7e971bca50687066afd703" kindref="member">test_mul</ref>()){</highlight></codeline>
<codeline lineno="150"><highlight class="normal"><sp/><sp/><sp/><sp/><sp/><sp/><sp/><sp/><sp/><sp/><sp/><sp/>printf(</highlight><highlight class="stringliteral">&quot;failed<sp/>test_mul()\n&quot;</highlight><highlight class="normal">);</highlight></codeline>
<codeline lineno="151"><highlight class="normal"><sp/><sp/><sp/><sp/><sp/><sp/><sp/><sp/><sp/><sp/><sp/><sp/></highlight><highlight class="keywordflow">return</highlight><highlight class="normal"><sp/><ref refid="test-library_8c_1a8f0547e641e1efc8110437fa85aa722e" kindref="member">E_FAIL</ref>;</highlight></codeline>
<codeline lineno="152"><highlight class="normal"><sp/><sp/><sp/><sp/><sp/><sp/><sp/><sp/>}</highlight></codeline>
<codeline lineno="153"><highlight class="normal"></highlight></codeline>
<codeline lineno="154"><highlight class="normal"><sp/><sp/><sp/><sp/></highlight><highlight class="keywordflow">return</highlight><highlight class="normal"><sp/><ref refid="test-library_8c_1a14bc2dfa42241600d567369cd25ddc70" kindref="member">S_OK</ref>;</highlight></codeline>
<codeline lineno="155"><highlight class="normal">}</highlight></codeline>
<codeline lineno="156"><highlight class="normal"></highlight></codeline>
<codeline lineno="157"><highlight class="normal"></highlight></codeline>
<codeline lineno="158"><highlight class="normal"></highlight><highlight class="comment">/*<sp/></highlight></codeline>
<codeline lineno="159"><highlight class="comment"><sp/><sp/><sp/><sp/>This<sp/>main<sp/>function<sp/>only<sp/>runs<sp/>all<sp/>the<sp/>test<sp/>code.</highlight></codeline>
<codeline lineno="160"><highlight class="comment"><sp/><sp/><sp/><sp/>If<sp/>successful<sp/>it<sp/>returns<sp/>S_OK<sp/>which<sp/>is<sp/>equal<sp/>to<sp/>the<sp/>numerical<sp/>value<sp/>of<sp/>0.</highlight></codeline>
<codeline lineno="161"><highlight class="comment"><sp/><sp/><sp/><sp/>Any<sp/>other<sp/>value<sp/>is<sp/>considered<sp/>a<sp/>failure.</highlight></codeline>
<codeline lineno="162"><highlight class="comment"><sp/><sp/><sp/><sp/></highlight></codeline>
<codeline lineno="163"><highlight class="comment"><sp/>*/</highlight><highlight class="normal"></highlight></codeline>
<codeline lineno="164"><highlight class="normal"></highlight><highlight class="keywordtype">int</highlight><highlight class="normal"><sp/><ref refid="test-library_8c_1ae66f6b31b5ad750f1fe042a706a4e3d4" kindref="member">main</ref>()</highlight></codeline>
<codeline lineno="165"><highlight class="normal">{</highlight></codeline>
<codeline lineno="166"><highlight class="normal"><sp/><sp/><sp/><sp/></highlight><highlight class="keywordtype">int</highlight><highlight class="normal"><sp/>result;</highlight></codeline>
<codeline lineno="167"><highlight class="normal"><sp/><sp/><sp/><sp/></highlight></codeline>
<codeline lineno="168"><highlight class="normal"><sp/><sp/><sp/><sp/>printf(</highlight><highlight class="stringliteral">&quot;Running<sp/>Example<sp/>tests<sp/>..<sp/>\n&quot;</highlight><highlight class="normal">);</highlight></codeline>
<codeline lineno="169"><highlight class="normal"><sp/><sp/><sp/><sp/>result<sp/>=<sp/><ref refid="test-library_8c_1a784168d827602c20ed0771eb237ce1f1" kindref="member">run_tests</ref>();</highlight></codeline>
<codeline lineno="170"><highlight class="normal"></highlight></codeline>
<codeline lineno="171"><highlight class="normal"><sp/><sp/><sp/><sp/></highlight><highlight class="keywordflow">if</highlight><highlight class="normal"><sp/>(result<sp/>==<sp/><ref refid="test-library_8c_1a14bc2dfa42241600d567369cd25ddc70" kindref="member">S_OK</ref>)<sp/></highlight></codeline>
<codeline lineno="172"><highlight class="normal"><sp/><sp/><sp/><sp/><sp/><sp/><sp/><sp/>printf<sp/>(</highlight><highlight class="stringliteral">&quot;tests<sp/>passed.\n&quot;</highlight><highlight class="normal">);</highlight></codeline>
<codeline lineno="173"><highlight class="normal"><sp/><sp/><sp/><sp/></highlight><highlight class="keywordflow">else</highlight><highlight class="normal"></highlight></codeline>
<codeline lineno="174"><highlight class="normal"><sp/><sp/><sp/><sp/><sp/><sp/><sp/><sp/>printf<sp/>(</highlight><highlight class="stringliteral">&quot;tests<sp/>failed.\n&quot;</highlight><highlight class="normal">);</highlight></codeline>
<codeline lineno="175"><highlight class="normal"></highlight></codeline>
<codeline lineno="176"><highlight class="normal"><sp/><sp/><sp/><sp/></highlight><highlight class="keywordflow">return</highlight><highlight class="normal"><sp/>result;<sp/><sp/></highlight><highlight class="comment">/*<sp/>remember<sp/>the<sp/>value<sp/>0<sp/>is<sp/>considered<sp/>passing<sp/>in<sp/>a<sp/>travis-ci<sp/>sense<sp/>*/</highlight><highlight class="normal"></highlight></codeline>
<codeline lineno="177"><highlight class="normal"></highlight></codeline>
<codeline lineno="178"><highlight class="normal">}</highlight></codeline>
    </programlisting>
    <location file="/home/bscuser/Documents/breathe/test/test-library.c"/>
  </compounddef>
</doxygen>
